# JRE version: Java(TM) SE Runtime Environment (8.0_51-b16) (build 1.8.0_51-b16)
# Java VM: Java HotSpot(TM) 64-Bit Server VM (25.51-b03 mixed mode windows-amd64 compressed oops)
Heap:
 PSYoungGen      total 112128K, used 4698K [0x00000000eb600000, 0x00000000f3e00000, 0x0000000100000000)
  eden space 104448K, 4% used [0x00000000eb600000,0x00000000eba96ac0,0x00000000f1c00000)
  from space 7680K, 0% used [0x00000000f2f00000,0x00000000f2f00000,0x00000000f3680000)
  to   space 4608K, 0% used [0x00000000f3980000,0x00000000f3980000,0x00000000f3e00000)
 ParOldGen       total 38912K, used 13559K [0x00000000c2200000, 0x00000000c4800000, 0x00000000eb600000)
  object space 38912K, 34% used [0x00000000c2200000,0x00000000c2f3dc30,0x00000000c4800000)
 Metaspace       used 21610K, capacity 21794K, committed 22192K, reserved 1073152K
  class space    used 2678K, capacity 2741K, committed 2816K, reserved 1048576K
GC Heap History (10 events):
Event: 5.757 GC heap before
{Heap before GC invocations=4 (full 0):
 PSYoungGen      total 18432K, used 18405K [0x00000000eb600000, 0x00000000eda00000, 0x0000000100000000)
  eden space 15872K, 100% used [0x00000000eb600000,0x00000000ec580000,0x00000000ec580000)
  from space 2560K, 98% used [0x00000000ec580000,0x00000000ec7f97e8,0x00000000ec800000)
  to   space 2560K, 0% used [0x00000000ed780000,0x00000000ed780000,0x00000000eda00000)
 ParOldGen       total 42496K, used 6150K [0x00000000c2200000, 0x00000000c4b80000, 0x00000000eb600000)
  object space 42496K, 14% used [0x00000000c2200000,0x00000000c28019a8,0x00000000c4b80000)
 Metaspace       used 15089K, capacity 15228K, committed 15360K, reserved 1062912K
  class space    used 1922K, capacity 1981K, committed 2048K, reserved 1048576K
Event: 5.782 GC heap after
Heap after GC invocations=4 (full 0):
 PSYoungGen      total 34304K, used 2548K [0x00000000eb600000, 0x00000000eda00000, 0x0000000100000000)
  eden space 31744K, 0% used [0x00000000eb600000,0x00000000eb600000,0x00000000ed500000)
  from space 2560K, 99% used [0x00000000ed780000,0x00000000ed9fd3c8,0x00000000eda00000)
  to   space 2560K, 0% used [0x00000000ed500000,0x00000000ed500000,0x00000000ed780000)
 ParOldGen       total 42496K, used 9928K [0x00000000c2200000, 0x00000000c4b80000, 0x00000000eb600000)
  object space 42496K, 23% used [0x00000000c2200000,0x00000000c2bb2360,0x00000000c4b80000)
 Metaspace       used 15089K, capacity 15228K, committed 15360K, reserved 1062912K
  class space    used 1922K, capacity 1981K, committed 2048K, reserved 1048576K
}
Event: 7.774 GC heap before
{Heap before GC invocations=5 (full 0):
 PSYoungGen      total 34304K, used 34292K [0x00000000eb600000, 0x00000000eda00000, 0x0000000100000000)
  eden space 31744K, 100% used [0x00000000eb600000,0x00000000ed500000,0x00000000ed500000)
  from space 2560K, 99% used [0x00000000ed780000,0x00000000ed9fd3c8,0x00000000eda00000)
  to   space 2560K, 0% used [0x00000000ed500000,0x00000000ed500000,0x00000000ed780000)
 ParOldGen       total 42496K, used 9928K [0x00000000c2200000, 0x00000000c4b80000, 0x00000000eb600000)
  object space 42496K, 23% used [0x00000000c2200000,0x00000000c2bb2360,0x00000000c4b80000)
 Metaspace       used 19172K, capacity 19252K, committed 19328K, reserved 1067008K
  class space    used 2381K, capacity 2401K, committed 2432K, reserved 1048576K
Event: 7.797 GC heap after
Heap after GC invocations=5 (full 0):
 PSYoungGen      total 34304K, used 2532K [0x00000000eb600000, 0x00000000f0400000, 0x0000000100000000)
  eden space 31744K, 0% used [0x00000000eb600000,0x00000000eb600000,0x00000000ed500000)
  from space 2560K, 98% used [0x00000000ed500000,0x00000000ed7793f8,0x00000000ed780000)
  to   space 8192K, 0% used [0x00000000efc00000,0x00000000efc00000,0x00000000f0400000)
 ParOldGen       total 42496K, used 13977K [0x00000000c2200000, 0x00000000c4b80000, 0x00000000eb600000)
  object space 42496K, 32% used [0x00000000c2200000,0x00000000c2fa6558,0x00000000c4b80000)
 Metaspace       used 19172K, capacity 19252K, committed 19328K, reserved 1067008K
  class space    used 2381K, capacity 2401K, committed 2432K, reserved 1048576K
}
Event: 9.796 GC heap before
{Heap before GC invocations=6 (full 0):
 PSYoungGen      total 34304K, used 34276K [0x00000000eb600000, 0x00000000f0400000, 0x0000000100000000)
  eden space 31744K, 100% used [0x00000000eb600000,0x00000000ed500000,0x00000000ed500000)
  from space 2560K, 98% used [0x00000000ed500000,0x00000000ed7793f8,0x00000000ed780000)
  to   space 8192K, 0% used [0x00000000efc00000,0x00000000efc00000,0x00000000f0400000)
 ParOldGen       total 42496K, used 13977K [0x00000000c2200000, 0x00000000c4b80000, 0x00000000eb600000)
  object space 42496K, 32% used [0x00000000c2200000,0x00000000c2fa6558,0x00000000c4b80000)
 Metaspace       used 20079K, capacity 20274K, committed 20480K, reserved 1067008K
  class space    used 2453K, capacity 2486K, committed 2560K, reserved 1048576K
Event: 10.125 GC heap after
Heap after GC invocations=6 (full 0):
 PSYoungGen      total 71680K, used 5755K [0x00000000eb600000, 0x00000000f0400000, 0x0000000100000000)
  eden space 63488K, 0% used [0x00000000eb600000,0x00000000eb600000,0x00000000ef400000)
  from space 8192K, 70% used [0x00000000efc00000,0x00000000f019ec08,0x00000000f0400000)
  to   space 8192K, 0% used [0x00000000ef400000,0x00000000ef400000,0x00000000efc00000)
 ParOldGen       total 42496K, used 13977K [0x00000000c2200000, 0x00000000c4b80000, 0x00000000eb600000)
  object space 42496K, 32% used [0x00000000c2200000,0x00000000c2fa6558,0x00000000c4b80000)
 Metaspace       used 20079K, capacity 20274K, committed 20480K, reserved 1067008K
  class space    used 2453K, capacity 2486K, committed 2560K, reserved 1048576K
}
Event: 12.022 GC heap before
{Heap before GC invocations=7 (full 0):
 PSYoungGen      total 71680K, used 28902K [0x00000000eb600000, 0x00000000f0400000, 0x0000000100000000)
  eden space 63488K, 36% used [0x00000000eb600000,0x00000000ecc9aee8,0x00000000ef400000)
  from space 8192K, 70% used [0x00000000efc00000,0x00000000f019ec08,0x00000000f0400000)
  to   space 8192K, 0% used [0x00000000ef400000,0x00000000ef400000,0x00000000efc00000)
 ParOldGen       total 42496K, used 13977K [0x00000000c2200000, 0x00000000c4b80000, 0x00000000eb600000)
  object space 42496K, 32% used [0x00000000c2200000,0x00000000c2fa6558,0x00000000c4b80000)
 Metaspace       used 20980K, capacity 21138K, committed 21296K, reserved 1069056K
  class space    used 2577K, capacity 2621K, committed 2688K, reserved 1048576K
Event: 12.186 GC heap after
Heap after GC invocations=7 (full 0):
 PSYoungGen      total 71680K, used 5329K [0x00000000eb600000, 0x00000000f4100000, 0x0000000100000000)
  eden space 63488K, 0% used [0x00000000eb600000,0x00000000eb600000,0x00000000ef400000)
  from space 8192K, 65% used [0x00000000ef400000,0x00000000ef9347c0,0x00000000efc00000)
  to   space 7680K, 0% used [0x00000000f3980000,0x00000000f3980000,0x00000000f4100000)
 ParOldGen       total 42496K, used 14947K [0x00000000c2200000, 0x00000000c4b80000, 0x00000000eb600000)
  object space 42496K, 35% used [0x00000000c2200000,0x00000000c3098ef0,0x00000000c4b80000)
 Metaspace       used 20980K, capacity 21138K, committed 21296K, reserved 1069056K
  class space    used 2577K, capacity 2621K, committed 2688K, reserved 1048576K
}
Event: 12.186 GC heap before
{Heap before GC invocations=8 (full 1):
 PSYoungGen      total 71680K, used 5329K [0x00000000eb600000, 0x00000000f4100000, 0x0000000100000000)
  eden space 63488K, 0% used [0x00000000eb600000,0x00000000eb600000,0x00000000ef400000)
  from space 8192K, 65% used [0x00000000ef400000,0x00000000ef9347c0,0x00000000efc00000)
  to   space 7680K, 0% used [0x00000000f3980000,0x00000000f3980000,0x00000000f4100000)
 ParOldGen       total 42496K, used 14947K [0x00000000c2200000, 0x00000000c4b80000, 0x00000000eb600000)
  object space 42496K, 35% used [0x00000000c2200000,0x00000000c3098ef0,0x00000000c4b80000)
 Metaspace       used 20980K, capacity 21138K, committed 21296K, reserved 1069056K
  class space    used 2577K, capacity 2621K, committed 2688K, reserved 1048576K
Event: 12.482 GC heap after
Heap after GC invocations=8 (full 1):
 PSYoungGen      total 71680K, used 0K [0x00000000eb600000, 0x00000000f4100000, 0x0000000100000000)
  eden space 63488K, 0% used [0x00000000eb600000,0x00000000eb600000,0x00000000ef400000)
  from space 8192K, 0% used [0x00000000ef400000,0x00000000ef400000,0x00000000efc00000)
  to   space 7680K, 0% used [0x00000000f3980000,0x00000000f3980000,0x00000000f4100000)
 ParOldGen       total 38912K, used 12740K [0x00000000c2200000, 0x00000000c4800000, 0x00000000eb600000)
  object space 38912K, 32% used [0x00000000c2200000,0x00000000c2e71080,0x00000000c4800000)
 Metaspace       used 20980K, capacity 21138K, committed 21296K, reserved 1069056K
  class space    used 2577K, capacity 2621K, committed 2688K, reserved 1048576K
}

